<?xml version="1.0" encoding="UTF-8"?>
<testng-results skipped="0" failed="0" ignored="0" total="1" passed="1">
  <reporter-output>
  </reporter-output>
  <suite name="Default suite" duration-ms="3431" started-at="2021-10-30T20:04:14 IST" finished-at="2021-10-30T20:04:18 IST">
    <groups>
    </groups>
    <test name="Default test" duration-ms="3431" started-at="2021-10-30T20:04:14 IST" finished-at="2021-10-30T20:04:18 IST">
      <class name="test.PacktMaiMenuPageTest">
        <test-method status="PASS" signature="sample()[pri:0, instance:test.PacktMaiMenuPageTest@5bb21b69]" name="sample" duration-ms="3400" started-at="2021-10-30T20:04:14 IST" finished-at="2021-10-30T20:04:18 IST">
          <reporter-output>
          </reporter-output>
        </test-method> <!-- sample -->
      </class> <!-- test.PacktMaiMenuPageTest -->
    </test> <!-- Default test -->
  </suite> <!-- Default suite -->
</testng-results>
